<?xml version="1.0" encoding="UTF-8"?>
<!-- Generated by org.testng.reporters.JUnitXMLReporter -->
<testsuite ignored="0" hostname="Ather" failures="2" tests="6" name="Regression" time="42.212" errors="0" timestamp="2022-05-10T21:52:00 EDT">
  <testcase classname="piit.AutomationTrainingProgramme.Browsersd" name="f" time="0.123">
    <failure type="org.openqa.selenium.NoSuchElementException" message="Unable to locate element: *[name=&amp;apos;logim&amp;apos;]
For documentation on this error, please visit: https://selenium.dev/exceptions/#no_such_element
Build info: version: &amp;apos;4.1.3&amp;apos;, revision: &amp;apos;7b1ebf28ef&amp;apos;
System info: host: &amp;apos;ATHER&amp;apos;, ip: &amp;apos;192.168.1.45&amp;apos;, os.name: &amp;apos;Windows 10&amp;apos;, os.arch: &amp;apos;amd64&amp;apos;, os.version: &amp;apos;10.0&amp;apos;, java.version: &amp;apos;11.0.13&amp;apos;
Driver info: org.openqa.selenium.firefox.FirefoxDriver
Command: [f9c7d33d-d6c5-46e4-9ad1-e0a9f7e7d8d7, findElement {using=name, value=logim}]
Capabilities {acceptInsecureCerts: true, browserName: firefox, browserVersion: 100.0, javascriptEnabled: true, moz:accessibilityChecks: false, moz:buildID: 20220428192727, moz:debuggerAddress: localhost:53416, moz:geckodriverVersion: 0.30.0, moz:headless: false, moz:processID: 25320, moz:profile: C:\Users\ather\AppData\Loca..., moz:shutdownTimeout: 60000, moz:useNonSpecCompliantPointerOrigin: false, moz:webdriverClick: true, pageLoadStrategy: normal, platform: WINDOWS, platformName: WINDOWS, platformVersion: 10.0, proxy: Proxy(), se:cdp: ws://localhost:53416/devtoo..., se:cdpVersion: 85.0, setWindowRect: true, strictFileInteractability: false, timeouts: {implicit: 0, pageLoad: 300000, script: 30000}, unhandledPromptBehavior: dismiss and notify}
Session ID: f9c7d33d-d6c5-46e4-9ad1-e0a9f7e7d8d7">
      <![CDATA[org.openqa.selenium.NoSuchElementException: Unable to locate element: *[name='logim']
For documentation on this error, please visit: https://selenium.dev/exceptions/#no_such_element
Build info: version: '4.1.3', revision: '7b1ebf28ef'
System info: host: 'ATHER', ip: '192.168.1.45', os.name: 'Windows 10', os.arch: 'amd64', os.version: '10.0', java.version: '11.0.13'
Driver info: org.openqa.selenium.firefox.FirefoxDriver
Command: [f9c7d33d-d6c5-46e4-9ad1-e0a9f7e7d8d7, findElement {using=name, value=logim}]
Capabilities {acceptInsecureCerts: true, browserName: firefox, browserVersion: 100.0, javascriptEnabled: true, moz:accessibilityChecks: false, moz:buildID: 20220428192727, moz:debuggerAddress: localhost:53416, moz:geckodriverVersion: 0.30.0, moz:headless: false, moz:processID: 25320, moz:profile: C:\Users\ather\AppData\Loca..., moz:shutdownTimeout: 60000, moz:useNonSpecCompliantPointerOrigin: false, moz:webdriverClick: true, pageLoadStrategy: normal, platform: WINDOWS, platformName: WINDOWS, platformVersion: 10.0, proxy: Proxy(), se:cdp: ws://localhost:53416/devtoo..., se:cdpVersion: 85.0, setWindowRect: true, strictFileInteractability: false, timeouts: {implicit: 0, pageLoad: 300000, script: 30000}, unhandledPromptBehavior: dismiss and notify}
Session ID: f9c7d33d-d6c5-46e4-9ad1-e0a9f7e7d8d7
at org.openqa.selenium.remote.codec.w3c.W3CHttpResponseCodec.createException(W3CHttpResponseCodec.java:200)
at org.openqa.selenium.remote.codec.w3c.W3CHttpResponseCodec.decode(W3CHttpResponseCodec.java:133)
at org.openqa.selenium.remote.codec.w3c.W3CHttpResponseCodec.decode(W3CHttpResponseCodec.java:53)
at org.openqa.selenium.remote.HttpCommandExecutor.execute(HttpCommandExecutor.java:184)
at org.openqa.selenium.remote.service.DriverCommandExecutor.invokeExecute(DriverCommandExecutor.java:167)
at org.openqa.selenium.remote.service.DriverCommandExecutor.execute(DriverCommandExecutor.java:142)
at org.openqa.selenium.remote.RemoteWebDriver.execute(RemoteWebDriver.java:567)
at org.openqa.selenium.remote.ElementLocation$ElementFinder$2.findElement(ElementLocation.java:162)
at org.openqa.selenium.remote.ElementLocation.findElement(ElementLocation.java:60)
at org.openqa.selenium.remote.RemoteWebDriver.findElement(RemoteWebDriver.java:385)
at org.openqa.selenium.remote.RemoteWebDriver.findElement(RemoteWebDriver.java:377)
at piit.AutomationTrainingProgramme.Browsersd.f(Browsersd.java:22)
at java.base/java.util.ArrayList.forEach(ArrayList.java:1541)
... Removed 31 stack frames]]>
    </failure>
  </testcase> <!-- f -->
  <testcase classname="piit.AutomationTrainingProgramme.Signout" name="f" time="19.322"/>
  <testcase classname="piit.AutomationTrainingProgramme.Signout" name="TextVerificationMethod" time="6.47">
    <failure type="java.lang.AssertionError" message="The following asserts failed:
	expected [Please enter your email or mobile number to search for your account.] but found [Please enter your email or mobile number  search for your account.]">
      <![CDATA[java.lang.AssertionError: The following asserts failed:
expected [Please enter your email or mobile number to search for your account.] but found [Please enter your email or mobile number  search for your account.]
at piit.AutomationTrainingProgramme.Signout.TextVerificationMethod(Signout.java:59)
at java.base/java.util.ArrayList.forEach(ArrayList.java:1541)
... Removed 29 stack frames]]>
    </failure>
  </testcase> <!-- TextVerificationMethod -->
  <testcase classname="piit.AutomationTrainingProgramme.Signout" name="TextVerificationAgain" time="6.297"/>
  <testcase classname="piit.AutomationTrainingProgramme.Execution" name="Test2" time="0.002"/>
  <testcase classname="piit.AutomationTrainingProgramme.Execution" name="f" time="0.002"/>
</testsuite> <!-- Regression -->
